mode: set
bookings/internal/forms/errors.go:6.44,8.2 1 1
bookings/internal/forms/errors.go:11.42,13.18 2 1
bookings/internal/forms/errors.go:13.18,15.3 1 1
bookings/internal/forms/errors.go:16.2,16.14 1 1
bookings/internal/forms/forms.go:18.29,20.2 1 1
bookings/internal/forms/forms.go:23.33,28.2 1 1
bookings/internal/forms/forms.go:31.43,32.31 1 1
bookings/internal/forms/forms.go:32.31,34.37 2 1
bookings/internal/forms/forms.go:34.37,36.4 1 1
bookings/internal/forms/forms.go:41.39,43.13 2 1
bookings/internal/forms/forms.go:43.13,45.3 1 1
bookings/internal/forms/forms.go:46.2,46.13 1 1
bookings/internal/forms/forms.go:50.57,52.21 2 1
bookings/internal/forms/forms.go:52.21,55.3 2 1
bookings/internal/forms/forms.go:56.2,56.13 1 1
bookings/internal/forms/forms.go:60.38,61.40 1 1
bookings/internal/forms/forms.go:61.40,63.3 1 1
bookings/cmd/web/main.go:28.13,30.16 2 0
bookings/cmd/web/main.go:30.16,32.3 1 0
bookings/cmd/web/main.go:33.2,62.16 8 0
bookings/cmd/web/main.go:65.32,96.16 21 1
bookings/cmd/web/main.go:96.16,99.3 2 0
bookings/cmd/web/main.go:100.2,104.16 3 1
bookings/cmd/web/main.go:104.16,106.3 1 0
bookings/cmd/web/main.go:108.2,116.16 7 1
bookings/cmd/web/middleware.go:11.45,21.2 3 1
bookings/cmd/web/middleware.go:24.50,26.2 1 1
bookings/cmd/web/middleware.go:28.43,29.71 1 0
bookings/cmd/web/middleware.go:29.71,30.34 1 0
bookings/cmd/web/middleware.go:30.34,34.4 3 0
bookings/cmd/web/middleware.go:35.3,35.23 1 0
bookings/cmd/web/routes.go:12.49,40.43 21 1
bookings/cmd/web/routes.go:40.43,53.3 9 1
bookings/cmd/web/routes.go:55.2,58.12 3 1
bookings/cmd/web/send-mail.go:14.22,15.12 1 0
bookings/cmd/web/send-mail.go:15.12,16.7 1 0
bookings/cmd/web/send-mail.go:16.7,20.4 2 0
bookings/cmd/web/send-mail.go:24.33,33.16 8 0
bookings/cmd/web/send-mail.go:33.16,35.3 1 0
bookings/cmd/web/send-mail.go:37.2,40.22 3 0
bookings/cmd/web/send-mail.go:40.22,42.3 1 0
bookings/cmd/web/send-mail.go:42.8,44.17 2 0
bookings/cmd/web/send-mail.go:44.17,46.4 1 0
bookings/cmd/web/send-mail.go:48.3,50.42 3 0
bookings/cmd/web/send-mail.go:53.2,54.16 2 0
bookings/cmd/web/send-mail.go:54.16,56.3 1 0
bookings/cmd/web/send-mail.go:56.8,58.3 1 0
bookings/internal/handlers/handlers.go:33.62,38.2 1 1
bookings/internal/handlers/handlers.go:41.51,46.2 1 1
bookings/internal/handlers/handlers.go:49.33,51.2 1 1
bookings/internal/handlers/handlers.go:54.67,56.2 1 1
bookings/internal/handlers/handlers.go:59.68,62.2 1 1
bookings/internal/handlers/handlers.go:65.74,67.9 2 1
bookings/internal/handlers/handlers.go:67.9,71.3 3 1
bookings/internal/handlers/handlers.go:73.2,74.16 2 1
bookings/internal/handlers/handlers.go:74.16,78.3 3 1
bookings/internal/handlers/handlers.go:80.2,98.4 10 1
bookings/internal/handlers/handlers.go:102.78,104.16 2 1
bookings/internal/handlers/handlers.go:104.16,108.3 3 1
bookings/internal/handlers/handlers.go:110.2,118.16 5 1
bookings/internal/handlers/handlers.go:118.16,122.3 3 1
bookings/internal/handlers/handlers.go:124.2,125.16 2 1
bookings/internal/handlers/handlers.go:125.16,129.3 3 1
bookings/internal/handlers/handlers.go:131.2,132.16 2 1
bookings/internal/handlers/handlers.go:132.16,136.3 3 1
bookings/internal/handlers/handlers.go:138.2,154.19 6 1
bookings/internal/handlers/handlers.go:154.19,162.3 4 1
bookings/internal/handlers/handlers.go:164.2,165.16 2 1
bookings/internal/handlers/handlers.go:165.16,169.3 3 1
bookings/internal/handlers/handlers.go:171.2,180.16 3 1
bookings/internal/handlers/handlers.go:180.16,184.3 3 1
bookings/internal/handlers/handlers.go:187.2,218.66 8 1
bookings/internal/handlers/handlers.go:223.71,225.2 1 1
bookings/internal/handlers/handlers.go:228.69,230.2 1 1
bookings/internal/handlers/handlers.go:233.75,235.2 1 1
bookings/internal/handlers/handlers.go:238.79,240.16 2 1
bookings/internal/handlers/handlers.go:240.16,244.3 3 1
bookings/internal/handlers/handlers.go:246.2,251.16 5 1
bookings/internal/handlers/handlers.go:251.16,255.3 3 1
bookings/internal/handlers/handlers.go:256.2,257.16 2 1
bookings/internal/handlers/handlers.go:257.16,261.3 3 1
bookings/internal/handlers/handlers.go:263.2,264.16 2 1
bookings/internal/handlers/handlers.go:264.16,268.3 3 1
bookings/internal/handlers/handlers.go:270.2,270.21 1 1
bookings/internal/handlers/handlers.go:270.21,275.3 3 1
bookings/internal/handlers/handlers.go:277.2,289.4 5 1
bookings/internal/handlers/handlers.go:301.79,304.16 2 1
bookings/internal/handlers/handlers.go:304.16,315.3 5 1
bookings/internal/handlers/handlers.go:317.2,327.16 8 1
bookings/internal/handlers/handlers.go:327.16,338.3 5 1
bookings/internal/handlers/handlers.go:339.2,352.14 4 1
bookings/internal/handlers/handlers.go:357.70,359.2 1 1
bookings/internal/handlers/handlers.go:362.81,364.9 2 1
bookings/internal/handlers/handlers.go:364.9,368.3 3 1
bookings/internal/handlers/handlers.go:370.2,384.4 9 1
bookings/internal/handlers/handlers.go:388.73,402.16 3 1
bookings/internal/handlers/handlers.go:402.16,406.3 3 1
bookings/internal/handlers/handlers.go:408.2,409.9 2 1
bookings/internal/handlers/handlers.go:409.9,413.3 3 1
bookings/internal/handlers/handlers.go:415.2,419.63 3 1
bookings/internal/handlers/handlers.go:424.71,436.16 9 1
bookings/internal/handlers/handlers.go:436.16,440.3 3 1
bookings/internal/handlers/handlers.go:442.2,449.63 6 1
bookings/internal/handlers/handlers.go:453.72,457.2 1 1
bookings/internal/handlers/handlers.go:460.76,464.16 3 1
bookings/internal/handlers/handlers.go:464.16,466.3 1 0
bookings/internal/handlers/handlers.go:468.2,475.19 6 1
bookings/internal/handlers/handlers.go:475.19,480.3 2 1
bookings/internal/handlers/handlers.go:482.2,483.16 2 1
bookings/internal/handlers/handlers.go:483.16,489.3 4 1
bookings/internal/handlers/handlers.go:491.2,493.47 3 1
bookings/internal/handlers/handlers.go:497.69,501.2 3 1
bookings/internal/handlers/handlers.go:503.77,505.2 1 1
bookings/internal/handlers/handlers.go:508.83,510.16 2 1
bookings/internal/handlers/handlers.go:510.16,513.3 2 0
bookings/internal/handlers/handlers.go:515.2,520.4 3 1
bookings/internal/handlers/handlers.go:524.83,526.16 2 1
bookings/internal/handlers/handlers.go:526.16,529.3 2 0
bookings/internal/handlers/handlers.go:531.2,536.4 3 1
bookings/internal/handlers/handlers.go:540.83,544.16 3 1
bookings/internal/handlers/handlers.go:544.16,547.3 2 0
bookings/internal/handlers/handlers.go:549.2,561.16 9 1
bookings/internal/handlers/handlers.go:561.16,564.3 2 0
bookings/internal/handlers/handlers.go:566.2,573.4 3 1
bookings/internal/handlers/handlers.go:576.87,578.16 2 0
bookings/internal/handlers/handlers.go:578.16,582.3 3 0
bookings/internal/handlers/handlers.go:584.2,586.16 3 0
bookings/internal/handlers/handlers.go:586.16,589.3 2 0
bookings/internal/handlers/handlers.go:591.2,597.16 5 0
bookings/internal/handlers/handlers.go:597.16,600.3 2 0
bookings/internal/handlers/handlers.go:602.2,608.16 6 0
bookings/internal/handlers/handlers.go:608.16,611.3 2 0
bookings/internal/handlers/handlers.go:613.2,618.16 4 0
bookings/internal/handlers/handlers.go:618.16,620.3 1 0
bookings/internal/handlers/handlers.go:620.8,622.3 1 0
bookings/internal/handlers/handlers.go:626.87,630.34 2 0
bookings/internal/handlers/handlers.go:630.34,634.3 3 0
bookings/internal/handlers/handlers.go:636.2,667.16 23 0
bookings/internal/handlers/handlers.go:667.16,670.3 2 0
bookings/internal/handlers/handlers.go:671.2,673.29 2 0
bookings/internal/handlers/handlers.go:673.29,678.72 3 0
bookings/internal/handlers/handlers.go:678.72,681.4 2 0
bookings/internal/handlers/handlers.go:684.3,685.17 2 0
bookings/internal/handlers/handlers.go:685.17,688.4 2 0
bookings/internal/handlers/handlers.go:690.3,690.44 1 0
bookings/internal/handlers/handlers.go:690.44,691.37 1 0
bookings/internal/handlers/handlers.go:691.37,693.91 1 0
bookings/internal/handlers/handlers.go:693.91,695.6 1 0
bookings/internal/handlers/handlers.go:696.10,699.5 1 0
bookings/internal/handlers/handlers.go:702.3,705.81 3 0
bookings/internal/handlers/handlers.go:708.2,712.4 1 0
bookings/internal/handlers/handlers.go:716.86,721.16 4 0
bookings/internal/handlers/handlers.go:721.16,723.3 1 0
bookings/internal/handlers/handlers.go:725.2,730.16 4 0
bookings/internal/handlers/handlers.go:730.16,732.3 1 0
bookings/internal/handlers/handlers.go:732.8,734.3 1 0
bookings/internal/handlers/handlers.go:738.85,743.16 4 0
bookings/internal/handlers/handlers.go:743.16,745.3 1 0
bookings/internal/handlers/handlers.go:747.2,752.16 4 0
bookings/internal/handlers/handlers.go:752.16,754.3 1 0
bookings/internal/handlers/handlers.go:754.8,756.3 1 0
bookings/internal/handlers/handlers.go:760.91,762.16 2 0
bookings/internal/handlers/handlers.go:762.16,765.3 2 0
bookings/internal/handlers/handlers.go:767.2,772.16 4 0
bookings/internal/handlers/handlers.go:772.16,775.3 2 0
bookings/internal/handlers/handlers.go:777.2,778.29 2 0
bookings/internal/handlers/handlers.go:778.29,783.35 2 0
bookings/internal/handlers/handlers.go:783.35,785.35 1 0
bookings/internal/handlers/handlers.go:785.35,788.16 1 0
bookings/internal/handlers/handlers.go:788.16,789.69 1 0
bookings/internal/handlers/handlers.go:789.69,792.21 2 0
bookings/internal/handlers/handlers.go:792.21,794.8 1 0
bookings/internal/handlers/handlers.go:802.2,802.31 1 0
bookings/internal/handlers/handlers.go:802.31,804.43 1 0
bookings/internal/handlers/handlers.go:804.43,811.18 5 0
bookings/internal/handlers/handlers.go:811.18,813.5 1 0
bookings/internal/handlers/handlers.go:817.2,818.110 2 0
bookings/internal/render/render.go:28.39,30.2 1 1
bookings/internal/render/render.go:33.36,35.2 1 0
bookings/internal/render/render.go:37.47,39.2 1 0
bookings/internal/render/render.go:42.31,45.28 3 0
bookings/internal/render/render.go:45.28,47.3 1 0
bookings/internal/render/render.go:48.2,48.14 1 0
bookings/internal/render/render.go:51.24,53.2 1 0
bookings/internal/render/render.go:56.84,62.48 5 1
bookings/internal/render/render.go:62.48,64.3 1 0
bookings/internal/render/render.go:65.2,65.11 1 1
bookings/internal/render/render.go:69.99,72.18 2 1
bookings/internal/render/render.go:72.18,75.3 1 0
bookings/internal/render/render.go:75.8,77.3 1 1
bookings/internal/render/render.go:79.2,80.9 2 1
bookings/internal/render/render.go:80.9,82.3 1 1
bookings/internal/render/render.go:84.2,91.16 5 1
bookings/internal/render/render.go:91.16,94.3 2 0
bookings/internal/render/render.go:95.2,95.12 1 1
bookings/internal/render/render.go:99.67,104.16 3 1
bookings/internal/render/render.go:104.16,106.3 1 0
bookings/internal/render/render.go:108.2,108.29 1 1
bookings/internal/render/render.go:108.29,111.17 3 1
bookings/internal/render/render.go:111.17,113.4 1 0
bookings/internal/render/render.go:115.3,116.17 2 1
bookings/internal/render/render.go:116.17,118.4 1 0
bookings/internal/render/render.go:120.3,120.23 1 1
bookings/internal/render/render.go:120.23,122.18 2 1
bookings/internal/render/render.go:122.18,124.5 1 0
bookings/internal/render/render.go:127.3,127.21 1 1
bookings/internal/render/render.go:130.2,130.21 1 1
